# JRE version: OpenJDK Runtime Environment (8.0_152-b02) (build 1.8.0_152-release-1024-b02)
# Java VM: OpenJDK 64-Bit Server VM (25.152-b02 mixed mode windows-amd64 compressed oops)
Heap:
 PSYoungGen      total 84992K, used 55403K [0x00000000e0000000, 0x00000000e6180000, 0x0000000100000000)
  eden space 78336K, 64% used [0x00000000e0000000,0x00000000e315edf0,0x00000000e4c80000)
  from space 6656K, 72% used [0x00000000e5b00000,0x00000000e5fbbf10,0x00000000e6180000)
  to   space 10752K, 0% used [0x00000000e4c80000,0x00000000e4c80000,0x00000000e5700000)
 ParOldGen       total 53760K, used 17249K [0x00000000a0000000, 0x00000000a3480000, 0x00000000e0000000)
  object space 53760K, 32% used [0x00000000a0000000,0x00000000a10d86b0,0x00000000a3480000)
 Metaspace       used 41269K, capacity 42132K, committed 42328K, reserved 1085440K
  class space    used 5641K, capacity 5905K, committed 6016K, reserved 1048576K
GC Heap History (10 events):
Event: 25.374 GC heap before
{Heap before GC invocations=8 (full 1):
 PSYoungGen      total 37888K, used 36780K [0x00000000e0000000, 0x00000000e2a00000, 0x0000000100000000)
  eden space 32768K, 100% used [0x00000000e0000000,0x00000000e2000000,0x00000000e2000000)
  from space 5120K, 78% used [0x00000000e2500000,0x00000000e28eb0a0,0x00000000e2a00000)
  to   space 5120K, 0% used [0x00000000e2000000,0x00000000e2000000,0x00000000e2500000)
 ParOldGen       total 53760K, used 8022K [0x00000000a0000000, 0x00000000a3480000, 0x00000000e0000000)
  object space 53760K, 14% used [0x00000000a0000000,0x00000000a07d5ba8,0x00000000a3480000)
 Metaspace       used 26642K, capacity 27116K, committed 27136K, reserved 1073152K
  class space    used 3668K, capacity 3833K, committed 3840K, reserved 1048576K
Event: 25.407 GC heap after
Heap after GC invocations=8 (full 1):
 PSYoungGen      total 37888K, used 4947K [0x00000000e0000000, 0x00000000e4b80000, 0x0000000100000000)
  eden space 32768K, 0% used [0x00000000e0000000,0x00000000e0000000,0x00000000e2000000)
  from space 5120K, 96% used [0x00000000e2000000,0x00000000e24d4fa0,0x00000000e2500000)
  to   space 9728K, 0% used [0x00000000e4200000,0x00000000e4200000,0x00000000e4b80000)
 ParOldGen       total 53760K, used 8030K [0x00000000a0000000, 0x00000000a3480000, 0x00000000e0000000)
  object space 53760K, 14% used [0x00000000a0000000,0x00000000a07d7ba8,0x00000000a3480000)
 Metaspace       used 26642K, capacity 27116K, committed 27136K, reserved 1073152K
  class space    used 3668K, capacity 3833K, committed 3840K, reserved 1048576K
}
Event: 26.305 GC heap before
{Heap before GC invocations=9 (full 1):
 PSYoungGen      total 37888K, used 37715K [0x00000000e0000000, 0x00000000e4b80000, 0x0000000100000000)
  eden space 32768K, 100% used [0x00000000e0000000,0x00000000e2000000,0x00000000e2000000)
  from space 5120K, 96% used [0x00000000e2000000,0x00000000e24d4fa0,0x00000000e2500000)
  to   space 9728K, 0% used [0x00000000e4200000,0x00000000e4200000,0x00000000e4b80000)
 ParOldGen       total 53760K, used 8030K [0x00000000a0000000, 0x00000000a3480000, 0x00000000e0000000)
  object space 53760K, 14% used [0x00000000a0000000,0x00000000a07d7ba8,0x00000000a3480000)
 Metaspace       used 28632K, capacity 29100K, committed 29312K, reserved 1075200K
  class space    used 4004K, capacity 4153K, committed 4224K, reserved 1048576K
Event: 26.318 GC heap after
Heap after GC invocations=9 (full 1):
 PSYoungGen      total 65536K, used 5962K [0x00000000e0000000, 0x00000000e4a00000, 0x0000000100000000)
  eden space 57344K, 0% used [0x00000000e0000000,0x00000000e0000000,0x00000000e3800000)
  from space 8192K, 72% used [0x00000000e4200000,0x00000000e47d2a18,0x00000000e4a00000)
  to   space 9216K, 0% used [0x00000000e3800000,0x00000000e3800000,0x00000000e4100000)
 ParOldGen       total 53760K, used 8038K [0x00000000a0000000, 0x00000000a3480000, 0x00000000e0000000)
  object space 53760K, 14% used [0x00000000a0000000,0x00000000a07d9ba8,0x00000000a3480000)
 Metaspace       used 28632K, capacity 29100K, committed 29312K, reserved 1075200K
  class space    used 4004K, capacity 4153K, committed 4224K, reserved 1048576K
}
Event: 34.601 GC heap before
{Heap before GC invocations=10 (full 1):
 PSYoungGen      total 65536K, used 60358K [0x00000000e0000000, 0x00000000e4a00000, 0x0000000100000000)
  eden space 57344K, 94% used [0x00000000e0000000,0x00000000e351efd0,0x00000000e3800000)
  from space 8192K, 72% used [0x00000000e4200000,0x00000000e47d2a18,0x00000000e4a00000)
  to   space 9216K, 0% used [0x00000000e3800000,0x00000000e3800000,0x00000000e4100000)
 ParOldGen       total 53760K, used 8038K [0x00000000a0000000, 0x00000000a3480000, 0x00000000e0000000)
  object space 53760K, 14% used [0x00000000a0000000,0x00000000a07d9ba8,0x00000000a3480000)
 Metaspace       used 34757K, capacity 35306K, committed 35416K, reserved 1079296K
  class space    used 4787K, capacity 4971K, committed 4992K, reserved 1048576K
Event: 34.635 GC heap after
Heap after GC invocations=10 (full 1):
 PSYoungGen      total 66560K, used 9190K [0x00000000e0000000, 0x00000000e6600000, 0x0000000100000000)
  eden space 57344K, 0% used [0x00000000e0000000,0x00000000e0000000,0x00000000e3800000)
  from space 9216K, 99% used [0x00000000e3800000,0x00000000e40f9868,0x00000000e4100000)
  to   space 11264K, 0% used [0x00000000e5b00000,0x00000000e5b00000,0x00000000e6600000)
 ParOldGen       total 53760K, used 9695K [0x00000000a0000000, 0x00000000a3480000, 0x00000000e0000000)
  object space 53760K, 18% used [0x00000000a0000000,0x00000000a0977f50,0x00000000a3480000)
 Metaspace       used 34757K, capacity 35306K, committed 35416K, reserved 1079296K
  class space    used 4787K, capacity 4971K, committed 4992K, reserved 1048576K
}
Event: 34.635 GC heap before
{Heap before GC invocations=11 (full 2):
 PSYoungGen      total 66560K, used 9190K [0x00000000e0000000, 0x00000000e6600000, 0x0000000100000000)
  eden space 57344K, 0% used [0x00000000e0000000,0x00000000e0000000,0x00000000e3800000)
  from space 9216K, 99% used [0x00000000e3800000,0x00000000e40f9868,0x00000000e4100000)
  to   space 11264K, 0% used [0x00000000e5b00000,0x00000000e5b00000,0x00000000e6600000)
 ParOldGen       total 53760K, used 9695K [0x00000000a0000000, 0x00000000a3480000, 0x00000000e0000000)
  object space 53760K, 18% used [0x00000000a0000000,0x00000000a0977f50,0x00000000a3480000)
 Metaspace       used 34757K, capacity 35306K, committed 35416K, reserved 1079296K
  class space    used 4787K, capacity 4971K, committed 4992K, reserved 1048576K
Event: 34.765 GC heap after
Heap after GC invocations=11 (full 2):
 PSYoungGen      total 66560K, used 0K [0x00000000e0000000, 0x00000000e6600000, 0x0000000100000000)
  eden space 57344K, 0% used [0x00000000e0000000,0x00000000e0000000,0x00000000e3800000)
  from space 9216K, 0% used [0x00000000e3800000,0x00000000e3800000,0x00000000e4100000)
  to   space 11264K, 0% used [0x00000000e5b00000,0x00000000e5b00000,0x00000000e6600000)
 ParOldGen       total 53760K, used 17241K [0x00000000a0000000, 0x00000000a3480000, 0x00000000e0000000)
  object space 53760K, 32% used [0x00000000a0000000,0x00000000a10d66b0,0x00000000a3480000)
 Metaspace       used 34757K, capacity 35306K, committed 35416K, reserved 1079296K
  class space    used 4787K, capacity 4971K, committed 4992K, reserved 1048576K
}
Event: 36.292 GC heap before
{Heap before GC invocations=12 (full 2):
 PSYoungGen      total 66560K, used 57344K [0x00000000e0000000, 0x00000000e6600000, 0x0000000100000000)
  eden space 57344K, 100% used [0x00000000e0000000,0x00000000e3800000,0x00000000e3800000)
  from space 9216K, 0% used [0x00000000e3800000,0x00000000e3800000,0x00000000e4100000)
  to   space 11264K, 0% used [0x00000000e5b00000,0x00000000e5b00000,0x00000000e6600000)
 ParOldGen       total 53760K, used 17241K [0x00000000a0000000, 0x00000000a3480000, 0x00000000e0000000)
  object space 53760K, 32% used [0x00000000a0000000,0x00000000a10d66b0,0x00000000a3480000)
 Metaspace       used 38060K, capacity 38808K, committed 39000K, reserved 1083392K
  class space    used 5186K, capacity 5432K, committed 5504K, reserved 1048576K
Event: 36.309 GC heap after
Heap after GC invocations=12 (full 2):
 PSYoungGen      total 84992K, used 4847K [0x00000000e0000000, 0x00000000e6180000, 0x0000000100000000)
  eden space 78336K, 0% used [0x00000000e0000000,0x00000000e0000000,0x00000000e4c80000)
  from space 6656K, 72% used [0x00000000e5b00000,0x00000000e5fbbf10,0x00000000e6180000)
  to   space 10752K, 0% used [0x00000000e4c80000,0x00000000e4c80000,0x00000000e5700000)
 ParOldGen       total 53760K, used 17249K [0x00000000a0000000, 0x00000000a3480000, 0x00000000e0000000)
  object space 53760K, 32% used [0x00000000a0000000,0x00000000a10d86b0,0x00000000a3480000)
 Metaspace       used 38060K, capacity 38808K, committed 39000K, reserved 1083392K
  class space    used 5186K, capacity 5432K, committed 5504K, reserved 1048576K
}

