# JRE version: OpenJDK Runtime Environment (8.0_152-b02) (build 1.8.0_152-release-1024-b02)
# Java VM: OpenJDK 64-Bit Server VM (25.152-b02 mixed mode windows-amd64 compressed oops)
Heap:
 PSYoungGen      total 237568K, used 195651K [0x00000000e0000000, 0x00000000f2880000, 0x0000000100000000)
  eden space 219648K, 80% used [0x00000000e0000000,0x00000000eadbd5c0,0x00000000ed680000)
  from space 17920K, 99% used [0x00000000f0d80000,0x00000000f1ed3640,0x00000000f1f00000)
  to   space 9728K, 0% used [0x00000000f1f00000,0x00000000f1f00000,0x00000000f2880000)
 ParOldGen       total 126464K, used 51194K [0x00000000a0000000, 0x00000000a7b80000, 0x00000000e0000000)
  object space 126464K, 40% used [0x00000000a0000000,0x00000000a31fe9b0,0x00000000a7b80000)
 Metaspace       used 75555K, capacity 77826K, committed 77912K, reserved 1118208K
  class space    used 9461K, capacity 10027K, committed 10112K, reserved 1048576K
GC Heap History (10 events):
Event: 55.156 GC heap before
{Heap before GC invocations=20 (full 3):
 PSYoungGen      total 266752K, used 11261K [0x00000000e0000000, 0x00000000f4780000, 0x0000000100000000)
  eden space 255488K, 0% used [0x00000000e0000000,0x00000000e0000000,0x00000000ef980000)
  from space 11264K, 99% used [0x00000000ef980000,0x00000000f047f688,0x00000000f0480000)
  to   space 16896K, 0% used [0x00000000f3700000,0x00000000f3700000,0x00000000f4780000)
 ParOldGen       total 79872K, used 32242K [0x00000000a0000000, 0x00000000a4e00000, 0x00000000e0000000)
  object space 79872K, 40% used [0x00000000a0000000,0x00000000a1f7cb50,0x00000000a4e00000)
 Metaspace       used 57484K, capacity 58800K, committed 58968K, reserved 1099776K
  class space    used 7408K, capacity 7787K, committed 7808K, reserved 1048576K
Event: 55.509 GC heap after
Heap after GC invocations=20 (full 3):
 PSYoungGen      total 266752K, used 0K [0x00000000e0000000, 0x00000000f4780000, 0x0000000100000000)
  eden space 255488K, 0% used [0x00000000e0000000,0x00000000e0000000,0x00000000ef980000)
  from space 11264K, 0% used [0x00000000ef980000,0x00000000ef980000,0x00000000f0480000)
  to   space 16896K, 0% used [0x00000000f3700000,0x00000000f3700000,0x00000000f4780000)
 ParOldGen       total 126464K, used 40040K [0x00000000a0000000, 0x00000000a7b80000, 0x00000000e0000000)
  object space 126464K, 31% used [0x00000000a0000000,0x00000000a271a200,0x00000000a7b80000)
 Metaspace       used 57445K, capacity 58694K, committed 58968K, reserved 1099776K
  class space    used 7396K, capacity 7773K, committed 7808K, reserved 1048576K
}
Event: 4200.062 GC heap before
{Heap before GC invocations=21 (full 3):
 PSYoungGen      total 266752K, used 255488K [0x00000000e0000000, 0x00000000f4780000, 0x0000000100000000)
  eden space 255488K, 100% used [0x00000000e0000000,0x00000000ef980000,0x00000000ef980000)
  from space 11264K, 0% used [0x00000000ef980000,0x00000000ef980000,0x00000000f0480000)
  to   space 16896K, 0% used [0x00000000f3700000,0x00000000f3700000,0x00000000f4780000)
 ParOldGen       total 126464K, used 40040K [0x00000000a0000000, 0x00000000a7b80000, 0x00000000e0000000)
  object space 126464K, 31% used [0x00000000a0000000,0x00000000a271a200,0x00000000a7b80000)
 Metaspace       used 60256K, capacity 61764K, committed 62040K, reserved 1103872K
  class space    used 7581K, capacity 8016K, committed 8064K, reserved 1048576K
Event: 4200.076 GC heap after
Heap after GC invocations=21 (full 3):
 PSYoungGen      total 253952K, used 7986K [0x00000000e0000000, 0x00000000f3f00000, 0x0000000100000000)
  eden space 245760K, 0% used [0x00000000e0000000,0x00000000e0000000,0x00000000ef000000)
  from space 8192K, 97% used [0x00000000f3700000,0x00000000f3ecc8f0,0x00000000f3f00000)
  to   space 16384K, 0% used [0x00000000f1f00000,0x00000000f1f00000,0x00000000f2f00000)
 ParOldGen       total 126464K, used 40048K [0x00000000a0000000, 0x00000000a7b80000, 0x00000000e0000000)
  object space 126464K, 31% used [0x00000000a0000000,0x00000000a271c200,0x00000000a7b80000)
 Metaspace       used 60256K, capacity 61764K, committed 62040K, reserved 1103872K
  class space    used 7581K, capacity 8016K, committed 8064K, reserved 1048576K
}
Event: 4232.255 GC heap before
{Heap before GC invocations=22 (full 3):
 PSYoungGen      total 253952K, used 253746K [0x00000000e0000000, 0x00000000f3f00000, 0x0000000100000000)
  eden space 245760K, 100% used [0x00000000e0000000,0x00000000ef000000,0x00000000ef000000)
  from space 8192K, 97% used [0x00000000f3700000,0x00000000f3ecc8f0,0x00000000f3f00000)
  to   space 16384K, 0% used [0x00000000f1f00000,0x00000000f1f00000,0x00000000f2f00000)
 ParOldGen       total 126464K, used 40048K [0x00000000a0000000, 0x00000000a7b80000, 0x00000000e0000000)
  object space 126464K, 31% used [0x00000000a0000000,0x00000000a271c200,0x00000000a7b80000)
 Metaspace       used 60836K, capacity 62308K, committed 62680K, reserved 1103872K
  class space    used 7641K, capacity 8058K, committed 8192K, reserved 1048576K
Event: 4232.262 GC heap after
Heap after GC invocations=22 (full 3):
 PSYoungGen      total 240640K, used 4091K [0x00000000e0000000, 0x00000000f3780000, 0x0000000100000000)
  eden space 236544K, 0% used [0x00000000e0000000,0x00000000e0000000,0x00000000ee700000)
  from space 4096K, 99% used [0x00000000f1f00000,0x00000000f22fee28,0x00000000f2300000)
  to   space 15872K, 0% used [0x00000000f2800000,0x00000000f2800000,0x00000000f3780000)
 ParOldGen       total 126464K, used 40056K [0x00000000a0000000, 0x00000000a7b80000, 0x00000000e0000000)
  object space 126464K, 31% used [0x00000000a0000000,0x00000000a271e200,0x00000000a7b80000)
 Metaspace       used 60836K, capacity 62308K, committed 62680K, reserved 1103872K
  class space    used 7641K, capacity 8058K, committed 8192K, reserved 1048576K
}
Event: 4411.516 GC heap before
{Heap before GC invocations=23 (full 3):
 PSYoungGen      total 240640K, used 240635K [0x00000000e0000000, 0x00000000f3780000, 0x0000000100000000)
  eden space 236544K, 100% used [0x00000000e0000000,0x00000000ee700000,0x00000000ee700000)
  from space 4096K, 99% used [0x00000000f1f00000,0x00000000f22fee28,0x00000000f2300000)
  to   space 15872K, 0% used [0x00000000f2800000,0x00000000f2800000,0x00000000f3780000)
 ParOldGen       total 126464K, used 40056K [0x00000000a0000000, 0x00000000a7b80000, 0x00000000e0000000)
  object space 126464K, 31% used [0x00000000a0000000,0x00000000a271e200,0x00000000a7b80000)
 Metaspace       used 67989K, capacity 70062K, committed 70360K, reserved 1110016K
  class space    used 8650K, capacity 9149K, committed 9216K, reserved 1048576K
Event: 4411.561 GC heap after
Heap after GC invocations=23 (full 3):
 PSYoungGen      total 243712K, used 15858K [0x00000000e0000000, 0x00000000f3780000, 0x0000000100000000)
  eden space 227840K, 0% used [0x00000000e0000000,0x00000000e0000000,0x00000000ede80000)
  from space 15872K, 99% used [0x00000000f2800000,0x00000000f377cba0,0x00000000f3780000)
  to   space 21504K, 0% used [0x00000000f0d80000,0x00000000f0d80000,0x00000000f2280000)
 ParOldGen       total 126464K, used 48040K [0x00000000a0000000, 0x00000000a7b80000, 0x00000000e0000000)
  object space 126464K, 37% used [0x00000000a0000000,0x00000000a2eea3f0,0x00000000a7b80000)
 Metaspace       used 67989K, capacity 70062K, committed 70360K, reserved 1110016K
  class space    used 8650K, capacity 9149K, committed 9216K, reserved 1048576K
}
Event: 4429.219 GC heap before
{Heap before GC invocations=24 (full 3):
 PSYoungGen      total 243712K, used 243698K [0x00000000e0000000, 0x00000000f3780000, 0x0000000100000000)
  eden space 227840K, 100% used [0x00000000e0000000,0x00000000ede80000,0x00000000ede80000)
  from space 15872K, 99% used [0x00000000f2800000,0x00000000f377cba0,0x00000000f3780000)
  to   space 21504K, 0% used [0x00000000f0d80000,0x00000000f0d80000,0x00000000f2280000)
 ParOldGen       total 126464K, used 48040K [0x00000000a0000000, 0x00000000a7b80000, 0x00000000e0000000)
  object space 126464K, 37% used [0x00000000a0000000,0x00000000a2eea3f0,0x00000000a7b80000)
 Metaspace       used 70411K, capacity 72610K, committed 72664K, reserved 1112064K
  class space    used 8886K, capacity 9419K, committed 9472K, reserved 1048576K
Event: 4429.275 GC heap after
Heap after GC invocations=24 (full 3):
 PSYoungGen      total 237568K, used 17741K [0x00000000e0000000, 0x00000000f2880000, 0x0000000100000000)
  eden space 219648K, 0% used [0x00000000e0000000,0x00000000e0000000,0x00000000ed680000)
  from space 17920K, 99% used [0x00000000f0d80000,0x00000000f1ed3640,0x00000000f1f00000)
  to   space 9728K, 0% used [0x00000000f1f00000,0x00000000f1f00000,0x00000000f2880000)
 ParOldGen       total 126464K, used 51194K [0x00000000a0000000, 0x00000000a7b80000, 0x00000000e0000000)
  object space 126464K, 40% used [0x00000000a0000000,0x00000000a31fe9b0,0x00000000a7b80000)
 Metaspace       used 70411K, capacity 72610K, committed 72664K, reserved 1112064K
  class space    used 8886K, capacity 9419K, committed 9472K, reserved 1048576K
}

