# JRE version: OpenJDK Runtime Environment (8.0_152-b02) (build 1.8.0_152-release-1024-b02)
# Java VM: OpenJDK 64-Bit Server VM (25.152-b02 mixed mode windows-amd64 compressed oops)
Heap:
 PSYoungGen      total 465920K, used 120050K [0x00000000e0000000, 0x00000000fe300000, 0x0000000100000000)
  eden space 442368K, 25% used [0x00000000e0000000,0x00000000e6dd9ff8,0x00000000fb000000)
  from space 23552K, 32% used [0x00000000fcc00000,0x00000000fd3628e8,0x00000000fe300000)
  to   space 26112K, 0% used [0x00000000fb000000,0x00000000fb000000,0x00000000fc980000)
 ParOldGen       total 206848K, used 65709K [0x00000000a0000000, 0x00000000aca00000, 0x00000000e0000000)
  object space 206848K, 31% used [0x00000000a0000000,0x00000000a402b750,0x00000000aca00000)
 Metaspace       used 98536K, capacity 101782K, committed 102348K, reserved 1138688K
  class space    used 12228K, capacity 12884K, committed 13056K, reserved 1048576K
GC Heap History (10 events):
Event: 89.479 GC heap before
{Heap before GC invocations=32 (full 4):
 PSYoungGen      total 394240K, used 372736K [0x00000000e0000000, 0x00000000fbc00000, 0x0000000100000000)
  eden space 372736K, 100% used [0x00000000e0000000,0x00000000f6c00000,0x00000000f6c00000)
  from space 21504K, 0% used [0x00000000f6c00000,0x00000000f6c00000,0x00000000f8100000)
  to   space 28672K, 0% used [0x00000000fa000000,0x00000000fa000000,0x00000000fbc00000)
 ParOldGen       total 206848K, used 65685K [0x00000000a0000000, 0x00000000aca00000, 0x00000000e0000000)
  object space 206848K, 31% used [0x00000000a0000000,0x00000000a4025750,0x00000000aca00000)
 Metaspace       used 95965K, capacity 99180K, committed 99916K, reserved 1136640K
  class space    used 12052K, capacity 12739K, committed 12928K, reserved 1048576K
Event: 89.499 GC heap after
Heap after GC invocations=32 (full 4):
 PSYoungGen      total 426496K, used 9605K [0x00000000e0000000, 0x00000000fbb80000, 0x0000000100000000)
  eden space 398336K, 0% used [0x00000000e0000000,0x00000000e0000000,0x00000000f8500000)
  from space 28160K, 34% used [0x00000000fa000000,0x00000000fa961600,0x00000000fbb80000)
  to   space 27648K, 0% used [0x00000000f8500000,0x00000000f8500000,0x00000000fa000000)
 ParOldGen       total 206848K, used 65685K [0x00000000a0000000, 0x00000000aca00000, 0x00000000e0000000)
  object space 206848K, 31% used [0x00000000a0000000,0x00000000a4025750,0x00000000aca00000)
 Metaspace       used 95965K, capacity 99180K, committed 99916K, reserved 1136640K
  class space    used 12052K, capacity 12739K, committed 12928K, reserved 1048576K
}
Event: 91.980 GC heap before
{Heap before GC invocations=33 (full 4):
 PSYoungGen      total 426496K, used 407941K [0x00000000e0000000, 0x00000000fbb80000, 0x0000000100000000)
  eden space 398336K, 100% used [0x00000000e0000000,0x00000000f8500000,0x00000000f8500000)
  from space 28160K, 34% used [0x00000000fa000000,0x00000000fa961600,0x00000000fbb80000)
  to   space 27648K, 0% used [0x00000000f8500000,0x00000000f8500000,0x00000000fa000000)
 ParOldGen       total 206848K, used 65685K [0x00000000a0000000, 0x00000000aca00000, 0x00000000e0000000)
  object space 206848K, 31% used [0x00000000a0000000,0x00000000a4025750,0x00000000aca00000)
 Metaspace       used 96048K, capacity 99244K, committed 99916K, reserved 1136640K
  class space    used 12052K, capacity 12739K, committed 12928K, reserved 1048576K
Event: 91.989 GC heap after
Heap after GC invocations=33 (full 4):
 PSYoungGen      total 425984K, used 3861K [0x00000000e0000000, 0x00000000fd400000, 0x0000000100000000)
  eden space 398336K, 0% used [0x00000000e0000000,0x00000000e0000000,0x00000000f8500000)
  from space 27648K, 13% used [0x00000000f8500000,0x00000000f88c55a0,0x00000000fa000000)
  to   space 27648K, 0% used [0x00000000fb900000,0x00000000fb900000,0x00000000fd400000)
 ParOldGen       total 206848K, used 65693K [0x00000000a0000000, 0x00000000aca00000, 0x00000000e0000000)
  object space 206848K, 31% used [0x00000000a0000000,0x00000000a4027750,0x00000000aca00000)
 Metaspace       used 96048K, capacity 99244K, committed 99916K, reserved 1136640K
  class space    used 12052K, capacity 12739K, committed 12928K, reserved 1048576K
}
Event: 94.112 GC heap before
{Heap before GC invocations=34 (full 4):
 PSYoungGen      total 425984K, used 402197K [0x00000000e0000000, 0x00000000fd400000, 0x0000000100000000)
  eden space 398336K, 100% used [0x00000000e0000000,0x00000000f8500000,0x00000000f8500000)
  from space 27648K, 13% used [0x00000000f8500000,0x00000000f88c55a0,0x00000000fa000000)
  to   space 27648K, 0% used [0x00000000fb900000,0x00000000fb900000,0x00000000fd400000)
 ParOldGen       total 206848K, used 65693K [0x00000000a0000000, 0x00000000aca00000, 0x00000000e0000000)
  object space 206848K, 31% used [0x00000000a0000000,0x00000000a4027750,0x00000000aca00000)
 Metaspace       used 96077K, capacity 99310K, committed 99916K, reserved 1136640K
  class space    used 12052K, capacity 12740K, committed 12928K, reserved 1048576K
Event: 94.121 GC heap after
Heap after GC invocations=34 (full 4):
 PSYoungGen      total 448512K, used 2720K [0x00000000e0000000, 0x00000000fd280000, 0x0000000100000000)
  eden space 422400K, 0% used [0x00000000e0000000,0x00000000e0000000,0x00000000f9c80000)
  from space 26112K, 10% used [0x00000000fb900000,0x00000000fbba8030,0x00000000fd280000)
  to   space 27648K, 0% used [0x00000000f9c80000,0x00000000f9c80000,0x00000000fb780000)
 ParOldGen       total 206848K, used 65693K [0x00000000a0000000, 0x00000000aca00000, 0x00000000e0000000)
  object space 206848K, 31% used [0x00000000a0000000,0x00000000a4027750,0x00000000aca00000)
 Metaspace       used 96077K, capacity 99310K, committed 99916K, reserved 1136640K
  class space    used 12052K, capacity 12740K, committed 12928K, reserved 1048576K
}
Event: 102.893 GC heap before
{Heap before GC invocations=35 (full 4):
 PSYoungGen      total 448512K, used 425120K [0x00000000e0000000, 0x00000000fd280000, 0x0000000100000000)
  eden space 422400K, 100% used [0x00000000e0000000,0x00000000f9c80000,0x00000000f9c80000)
  from space 26112K, 10% used [0x00000000fb900000,0x00000000fbba8030,0x00000000fd280000)
  to   space 27648K, 0% used [0x00000000f9c80000,0x00000000f9c80000,0x00000000fb780000)
 ParOldGen       total 206848K, used 65693K [0x00000000a0000000, 0x00000000aca00000, 0x00000000e0000000)
  object space 206848K, 31% used [0x00000000a0000000,0x00000000a4027750,0x00000000aca00000)
 Metaspace       used 96248K, capacity 99468K, committed 100172K, reserved 1136640K
  class space    used 12054K, capacity 12743K, committed 12928K, reserved 1048576K
Event: 102.901 GC heap after
Heap after GC invocations=35 (full 4):
 PSYoungGen      total 450048K, used 4155K [0x00000000e0000000, 0x00000000fe680000, 0x0000000100000000)
  eden space 422400K, 0% used [0x00000000e0000000,0x00000000e0000000,0x00000000f9c80000)
  from space 27648K, 15% used [0x00000000f9c80000,0x00000000fa08ef70,0x00000000fb780000)
  to   space 27136K, 0% used [0x00000000fcc00000,0x00000000fcc00000,0x00000000fe680000)
 ParOldGen       total 206848K, used 65701K [0x00000000a0000000, 0x00000000aca00000, 0x00000000e0000000)
  object space 206848K, 31% used [0x00000000a0000000,0x00000000a4029750,0x00000000aca00000)
 Metaspace       used 96248K, capacity 99468K, committed 100172K, reserved 1136640K
  class space    used 12054K, capacity 12743K, committed 12928K, reserved 1048576K
}
Event: 105.541 GC heap before
{Heap before GC invocations=36 (full 4):
 PSYoungGen      total 450048K, used 426025K [0x00000000e0000000, 0x00000000fe680000, 0x0000000100000000)
  eden space 422400K, 99% used [0x00000000e0000000,0x00000000f9bfb528,0x00000000f9c80000)
  from space 27648K, 15% used [0x00000000f9c80000,0x00000000fa08ef70,0x00000000fb780000)
  to   space 27136K, 0% used [0x00000000fcc00000,0x00000000fcc00000,0x00000000fe680000)
 ParOldGen       total 206848K, used 65701K [0x00000000a0000000, 0x00000000aca00000, 0x00000000e0000000)
  object space 206848K, 31% used [0x00000000a0000000,0x00000000a4029750,0x00000000aca00000)
 Metaspace       used 96295K, capacity 99486K, committed 100172K, reserved 1136640K
  class space    used 12056K, capacity 12746K, committed 12928K, reserved 1048576K
Event: 105.549 GC heap after
Heap after GC invocations=36 (full 4):
 PSYoungGen      total 465920K, used 7562K [0x00000000e0000000, 0x00000000fe300000, 0x0000000100000000)
  eden space 442368K, 0% used [0x00000000e0000000,0x00000000e0000000,0x00000000fb000000)
  from space 23552K, 32% used [0x00000000fcc00000,0x00000000fd3628e8,0x00000000fe300000)
  to   space 26112K, 0% used [0x00000000fb000000,0x00000000fb000000,0x00000000fc980000)
 ParOldGen       total 206848K, used 65709K [0x00000000a0000000, 0x00000000aca00000, 0x00000000e0000000)
  object space 206848K, 31% used [0x00000000a0000000,0x00000000a402b750,0x00000000aca00000)
 Metaspace       used 96295K, capacity 99486K, committed 100172K, reserved 1136640K
  class space    used 12056K, capacity 12746K, committed 12928K, reserved 1048576K
}

